This is pdfTeX, Version 3.141592653-2.6-1.40.26 (TeX Live 2024) (preloaded format=pdflatex 2025.2.21)  19 APR 2025 21:25
entering extended mode
 restricted \write18 enabled.
 file:line:error style messages enabled.
 %&-line parsing enabled.
**c:/Users/ArtemCodeMachine/Documents/magisterskaLatex/thesismanuscript.tex
(c:/Users/ArtemCodeMachine/Documents/magisterskaLatex/thesismanuscript.tex
LaTeX2e <2024-11-01> patch level 2
L3 programming layer <2025-01-18>
(./llncs.cls
Document Class: llncs 2018/03/10 v2.20 
 LaTeX document class for Lecture Notes in Computer Science
(c:/tools/TinyTeX/texmf-dist/tex/latex/base/article.cls
Document Class: article 2024/06/29 v1.4n Standard LaTeX document class
(c:/tools/TinyTeX/texmf-dist/tex/latex/base/size12.clo
File: size12.clo 2024/06/29 v1.4n Standard LaTeX file (size option)
)
\c@part=\count196
\c@section=\count197
\c@subsection=\count198
\c@subsubsection=\count199
\c@paragraph=\count266
\c@subparagraph=\count267
\c@figure=\count268
\c@table=\count269
\abovecaptionskip=\skip49
\belowcaptionskip=\skip50
\bibindent=\dimen141
) (c:/tools/TinyTeX/texmf-dist/tex/latex/tools/multicol.sty
Package: multicol 2024/09/14 v1.9i multicolumn formatting (FMi)
\c@tracingmulticols=\count270
\mult@box=\box52
\multicol@leftmargin=\dimen142
\c@unbalance=\count271
\c@collectmore=\count272
\doublecol@number=\count273
\multicoltolerance=\count274
\multicolpretolerance=\count275
\full@width=\dimen143
\page@free=\dimen144
\premulticols=\dimen145
\postmulticols=\dimen146
\multicolsep=\skip51
\multicolbaselineskip=\skip52
\partial@page=\box53
\last@line=\box54
\mc@boxedresult=\box55
\maxbalancingoverflow=\dimen147
\mult@rightbox=\box56
\mult@grightbox=\box57
\mult@firstbox=\box58
\mult@gfirstbox=\box59
\@tempa=\box60
\@tempa=\box61
\@tempa=\box62
\@tempa=\box63
\@tempa=\box64
\@tempa=\box65
\@tempa=\box66
\@tempa=\box67
\@tempa=\box68
\@tempa=\box69
\@tempa=\box70
\@tempa=\box71
\@tempa=\box72
\@tempa=\box73
\@tempa=\box74
\@tempa=\box75
\@tempa=\box76
\@tempa=\box77
\@tempa=\box78
\@tempa=\box79
\@tempa=\box80
\@tempa=\box81
\@tempa=\box82
\@tempa=\box83
\@tempa=\box84
\@tempa=\box85
\@tempa=\box86
\@tempa=\box87
\@tempa=\box88
\@tempa=\box89
\@tempa=\box90
\@tempa=\box91
\@tempa=\box92
\@tempa=\box93
\@tempa=\box94
\@tempa=\box95
\c@minrows=\count276
\c@columnbadness=\count277
\c@finalcolumnbadness=\count278
\last@try=\dimen148
\multicolovershoot=\dimen149
\multicolundershoot=\dimen150
\mult@nat@firstbox=\box96
\colbreak@box=\box97
\mc@col@check@num=\count279
) (c:/tools/TinyTeX/texmf-dist/tex/latex/oberdiek/aliascnt.sty
Package: aliascnt 2018/09/07 v1.5 Alias counters (HO)
)
\c@chapter=\count280
LaTeX Font Info:    Redeclaring math symbol \Gamma on input line 360.
LaTeX Font Info:    Redeclaring math symbol \Delta on input line 361.
LaTeX Font Info:    Redeclaring math symbol \Theta on input line 362.
LaTeX Font Info:    Redeclaring math symbol \Lambda on input line 363.
LaTeX Font Info:    Redeclaring math symbol \Xi on input line 364.
LaTeX Font Info:    Redeclaring math symbol \Pi on input line 365.
LaTeX Font Info:    Redeclaring math symbol \Sigma on input line 366.
LaTeX Font Info:    Redeclaring math symbol \Upsilon on input line 367.
LaTeX Font Info:    Redeclaring math symbol \Phi on input line 368.
LaTeX Font Info:    Redeclaring math symbol \Psi on input line 369.
LaTeX Font Info:    Redeclaring math symbol \Omega on input line 370.
\tocchpnum=\dimen151
\tocsecnum=\dimen152
\tocsectotal=\dimen153
\tocsubsecnum=\dimen154
\tocsubsectotal=\dimen155
\tocsubsubsecnum=\dimen156
\tocsubsubsectotal=\dimen157
\tocparanum=\dimen158
\tocparatotal=\dimen159
\tocsubparanum=\dimen160
\@tempcntc=\count281
\fnindent=\dimen161
\c@@inst=\count282
\c@@auth=\count283
\c@auco=\count284
\instindent=\dimen162
\authrun=\box98
\authorrunning=\toks17
\tocauthor=\toks18
\titrun=\box99
\titlerunning=\toks19
\toctitle=\toks20
\c@theorem=\count285
\c@case=\count286
\c@conjecture=\count287
\c@corollary=\count288
\c@definition=\count289
\c@example=\count290
\c@exercise=\count291
\c@lemma=\count292
\c@note=\count293
\c@problem=\count294
\c@property=\count295
\c@proposition=\count296
\c@question=\count297
\c@solution=\count298
\c@remark=\count299
\headlineindent=\dimen163
) (c:/tools/TinyTeX/texmf-dist/tex/latex/graphics/graphicx.sty
Package: graphicx 2021/09/16 v1.2d Enhanced LaTeX Graphics (DPC,SPQR)
 (c:/tools/TinyTeX/texmf-dist/tex/latex/graphics/keyval.sty
Package: keyval 2022/05/29 v1.15 key=value parser (DPC)
\KV@toks@=\toks21
) (c:/tools/TinyTeX/texmf-dist/tex/latex/graphics/graphics.sty
Package: graphics 2024/08/06 v1.4g Standard LaTeX Graphics (DPC,SPQR)
 (c:/tools/TinyTeX/texmf-dist/tex/latex/graphics/trig.sty
Package: trig 2023/12/02 v1.11 sin cos tan (DPC)
) (c:/tools/TinyTeX/texmf-dist/tex/latex/graphics-cfg/graphics.cfg
File: graphics.cfg 2016/06/04 v1.11 sample graphics configuration
)
Package graphics Info: Driver file: pdftex.def on input line 106.
 (c:/tools/TinyTeX/texmf-dist/tex/latex/graphics-def/pdftex.def
File: pdftex.def 2024/04/13 v1.2c Graphics/color driver for pdftex
))
\Gin@req@height=\dimen164
\Gin@req@width=\dimen165
) (c:/tools/TinyTeX/texmf-dist/tex/latex/todonotes/todonotes.sty
Package: todonotes 2024/01/05 v1.1.7 Todonotes source and documentation.
Package: todonotes 2024/01/05
 (c:/tools/TinyTeX/texmf-dist/tex/latex/base/ifthen.sty
Package: ifthen 2024/03/16 v1.1e Standard LaTeX ifthen package (DPC)
) (c:/tools/TinyTeX/texmf-dist/tex/latex/xkeyval/xkeyval.sty
Package: xkeyval 2022/06/16 v2.9 package option processing (HA)
 (c:/tools/TinyTeX/texmf-dist/tex/generic/xkeyval/xkeyval.tex (c:/tools/TinyTeX/texmf-dist/tex/generic/xkeyval/xkvutils.tex
\XKV@toks=\toks22
\XKV@tempa@toks=\toks23
)
\XKV@depth=\count300
File: xkeyval.tex 2014/12/03 v2.7a key=value parser (HA)
)) (c:/tools/TinyTeX/texmf-dist/tex/latex/xcolor/xcolor.sty
Package: xcolor 2024/09/29 v3.02 LaTeX color extensions (UK)
 (c:/tools/TinyTeX/texmf-dist/tex/latex/graphics-cfg/color.cfg
File: color.cfg 2016/01/02 v1.6 sample color configuration
)
Package xcolor Info: Driver file: pdftex.def on input line 274.
 (c:/tools/TinyTeX/texmf-dist/tex/latex/graphics/mathcolor.ltx)
Package xcolor Info: Model `cmy' substituted by `cmy0' on input line 1349.
Package xcolor Info: Model `hsb' substituted by `rgb' on input line 1353.
Package xcolor Info: Model `RGB' extended on input line 1365.
Package xcolor Info: Model `HTML' substituted by `rgb' on input line 1367.
Package xcolor Info: Model `Hsb' substituted by `hsb' on input line 1368.
Package xcolor Info: Model `tHsb' substituted by `hsb' on input line 1369.
Package xcolor Info: Model `HSB' substituted by `hsb' on input line 1370.
Package xcolor Info: Model `Gray' substituted by `gray' on input line 1371.
Package xcolor Info: Model `wave' substituted by `hsb' on input line 1372.
) (c:/tools/TinyTeX/texmf-dist/tex/latex/pgf/frontendlayer/tikz.sty (c:/tools/TinyTeX/texmf-dist/tex/latex/pgf/basiclayer/pgf.sty (c:/tools/TinyTeX/texmf-dist/tex/latex/pgf/utilities/pgfrcs.sty (c:/tools/TinyTeX/texmf-dist/tex/generic/pgf/utilities/pgfutil-common.tex
\pgfutil@everybye=\toks24
\pgfutil@tempdima=\dimen166
\pgfutil@tempdimb=\dimen167
) (c:/tools/TinyTeX/texmf-dist/tex/generic/pgf/utilities/pgfutil-latex.def
\pgfutil@abb=\box100
) (c:/tools/TinyTeX/texmf-dist/tex/generic/pgf/utilities/pgfrcs.code.tex (c:/tools/TinyTeX/texmf-dist/tex/generic/pgf/pgf.revision.tex)
Package: pgfrcs 2023-01-15 v3.1.10 (3.1.10)
))
Package: pgf 2023-01-15 v3.1.10 (3.1.10)
 (c:/tools/TinyTeX/texmf-dist/tex/latex/pgf/basiclayer/pgfcore.sty (c:/tools/TinyTeX/texmf-dist/tex/latex/pgf/systemlayer/pgfsys.sty (c:/tools/TinyTeX/texmf-dist/tex/generic/pgf/systemlayer/pgfsys.code.tex
Package: pgfsys 2023-01-15 v3.1.10 (3.1.10)
 (c:/tools/TinyTeX/texmf-dist/tex/generic/pgf/utilities/pgfkeys.code.tex
\pgfkeys@pathtoks=\toks25
\pgfkeys@temptoks=\toks26
 (c:/tools/TinyTeX/texmf-dist/tex/generic/pgf/utilities/pgfkeyslibraryfiltered.code.tex
\pgfkeys@tmptoks=\toks27
))
\pgf@x=\dimen168
\pgf@y=\dimen169
\pgf@xa=\dimen170
\pgf@ya=\dimen171
\pgf@xb=\dimen172
\pgf@yb=\dimen173
\pgf@xc=\dimen174
\pgf@yc=\dimen175
\pgf@xd=\dimen176
\pgf@yd=\dimen177
\w@pgf@writea=\write3
\r@pgf@reada=\read2
\c@pgf@counta=\count301
\c@pgf@countb=\count302
\c@pgf@countc=\count303
\c@pgf@countd=\count304
\t@pgf@toka=\toks28
\t@pgf@tokb=\toks29
\t@pgf@tokc=\toks30
\pgf@sys@id@count=\count305
 (c:/tools/TinyTeX/texmf-dist/tex/generic/pgf/systemlayer/pgf.cfg
File: pgf.cfg 2023-01-15 v3.1.10 (3.1.10)
)
Driver file for pgf: pgfsys-pdftex.def
 (c:/tools/TinyTeX/texmf-dist/tex/generic/pgf/systemlayer/pgfsys-pdftex.def
File: pgfsys-pdftex.def 2023-01-15 v3.1.10 (3.1.10)
 (c:/tools/TinyTeX/texmf-dist/tex/generic/pgf/systemlayer/pgfsys-common-pdf.def
File: pgfsys-common-pdf.def 2023-01-15 v3.1.10 (3.1.10)
))) (c:/tools/TinyTeX/texmf-dist/tex/generic/pgf/systemlayer/pgfsyssoftpath.code.tex
File: pgfsyssoftpath.code.tex 2023-01-15 v3.1.10 (3.1.10)
\pgfsyssoftpath@smallbuffer@items=\count306
\pgfsyssoftpath@bigbuffer@items=\count307
) (c:/tools/TinyTeX/texmf-dist/tex/generic/pgf/systemlayer/pgfsysprotocol.code.tex
File: pgfsysprotocol.code.tex 2023-01-15 v3.1.10 (3.1.10)
)) (c:/tools/TinyTeX/texmf-dist/tex/generic/pgf/basiclayer/pgfcore.code.tex
Package: pgfcore 2023-01-15 v3.1.10 (3.1.10)
 (c:/tools/TinyTeX/texmf-dist/tex/generic/pgf/math/pgfmath.code.tex (c:/tools/TinyTeX/texmf-dist/tex/generic/pgf/math/pgfmathutil.code.tex) (c:/tools/TinyTeX/texmf-dist/tex/generic/pgf/math/pgfmathparser.code.tex
\pgfmath@dimen=\dimen178
\pgfmath@count=\count308
\pgfmath@box=\box101
\pgfmath@toks=\toks31
\pgfmath@stack@operand=\toks32
\pgfmath@stack@operation=\toks33
) (c:/tools/TinyTeX/texmf-dist/tex/generic/pgf/math/pgfmathfunctions.code.tex) (c:/tools/TinyTeX/texmf-dist/tex/generic/pgf/math/pgfmathfunctions.basic.code.tex) (c:/tools/TinyTeX/texmf-dist/tex/generic/pgf/math/pgfmathfunctions.trigonometric.code.tex) (c:/tools/TinyTeX/texmf-dist/tex/generic/pgf/math/pgfmathfunctions.random.code.tex) (c:/tools/TinyTeX/texmf-dist/tex/generic/pgf/math/pgfmathfunctions.comparison.code.tex) (c:/tools/TinyTeX/texmf-dist/tex/generic/pgf/math/pgfmathfunctions.base.code.tex) (c:/tools/TinyTeX/texmf-dist/tex/generic/pgf/math/pgfmathfunctions.round.code.tex) (c:/tools/TinyTeX/texmf-dist/tex/generic/pgf/math/pgfmathfunctions.misc.code.tex) (c:/tools/TinyTeX/texmf-dist/tex/generic/pgf/math/pgfmathfunctions.integerarithmetics.code.tex) (c:/tools/TinyTeX/texmf-dist/tex/generic/pgf/math/pgfmathcalc.code.tex) (c:/tools/TinyTeX/texmf-dist/tex/generic/pgf/math/pgfmathfloat.code.tex
\c@pgfmathroundto@lastzeros=\count309
)) (c:/tools/TinyTeX/texmf-dist/tex/generic/pgf/math/pgfint.code.tex) (c:/tools/TinyTeX/texmf-dist/tex/generic/pgf/basiclayer/pgfcorepoints.code.tex
File: pgfcorepoints.code.tex 2023-01-15 v3.1.10 (3.1.10)
\pgf@picminx=\dimen179
\pgf@picmaxx=\dimen180
\pgf@picminy=\dimen181
\pgf@picmaxy=\dimen182
\pgf@pathminx=\dimen183
\pgf@pathmaxx=\dimen184
\pgf@pathminy=\dimen185
\pgf@pathmaxy=\dimen186
\pgf@xx=\dimen187
\pgf@xy=\dimen188
\pgf@yx=\dimen189
\pgf@yy=\dimen190
\pgf@zx=\dimen191
\pgf@zy=\dimen192
) (c:/tools/TinyTeX/texmf-dist/tex/generic/pgf/basiclayer/pgfcorepathconstruct.code.tex
File: pgfcorepathconstruct.code.tex 2023-01-15 v3.1.10 (3.1.10)
\pgf@path@lastx=\dimen193
\pgf@path@lasty=\dimen194
) (c:/tools/TinyTeX/texmf-dist/tex/generic/pgf/basiclayer/pgfcorepathusage.code.tex
File: pgfcorepathusage.code.tex 2023-01-15 v3.1.10 (3.1.10)
\pgf@shorten@end@additional=\dimen195
\pgf@shorten@start@additional=\dimen196
) (c:/tools/TinyTeX/texmf-dist/tex/generic/pgf/basiclayer/pgfcorescopes.code.tex
File: pgfcorescopes.code.tex 2023-01-15 v3.1.10 (3.1.10)
\pgfpic=\box102
\pgf@hbox=\box103
\pgf@layerbox@main=\box104
\pgf@picture@serial@count=\count310
) (c:/tools/TinyTeX/texmf-dist/tex/generic/pgf/basiclayer/pgfcoregraphicstate.code.tex
File: pgfcoregraphicstate.code.tex 2023-01-15 v3.1.10 (3.1.10)
\pgflinewidth=\dimen197
) (c:/tools/TinyTeX/texmf-dist/tex/generic/pgf/basiclayer/pgfcoretransformations.code.tex
File: pgfcoretransformations.code.tex 2023-01-15 v3.1.10 (3.1.10)
\pgf@pt@x=\dimen198
\pgf@pt@y=\dimen199
\pgf@pt@temp=\dimen256
) (c:/tools/TinyTeX/texmf-dist/tex/generic/pgf/basiclayer/pgfcorequick.code.tex
File: pgfcorequick.code.tex 2023-01-15 v3.1.10 (3.1.10)
) (c:/tools/TinyTeX/texmf-dist/tex/generic/pgf/basiclayer/pgfcoreobjects.code.tex
File: pgfcoreobjects.code.tex 2023-01-15 v3.1.10 (3.1.10)
) (c:/tools/TinyTeX/texmf-dist/tex/generic/pgf/basiclayer/pgfcorepathprocessing.code.tex
File: pgfcorepathprocessing.code.tex 2023-01-15 v3.1.10 (3.1.10)
) (c:/tools/TinyTeX/texmf-dist/tex/generic/pgf/basiclayer/pgfcorearrows.code.tex
File: pgfcorearrows.code.tex 2023-01-15 v3.1.10 (3.1.10)
\pgfarrowsep=\dimen257
) (c:/tools/TinyTeX/texmf-dist/tex/generic/pgf/basiclayer/pgfcoreshade.code.tex
File: pgfcoreshade.code.tex 2023-01-15 v3.1.10 (3.1.10)
\pgf@max=\dimen258
\pgf@sys@shading@range@num=\count311
\pgf@shadingcount=\count312
) (c:/tools/TinyTeX/texmf-dist/tex/generic/pgf/basiclayer/pgfcoreimage.code.tex
File: pgfcoreimage.code.tex 2023-01-15 v3.1.10 (3.1.10)
) (c:/tools/TinyTeX/texmf-dist/tex/generic/pgf/basiclayer/pgfcoreexternal.code.tex
File: pgfcoreexternal.code.tex 2023-01-15 v3.1.10 (3.1.10)
\pgfexternal@startupbox=\box105
) (c:/tools/TinyTeX/texmf-dist/tex/generic/pgf/basiclayer/pgfcorelayers.code.tex
File: pgfcorelayers.code.tex 2023-01-15 v3.1.10 (3.1.10)
) (c:/tools/TinyTeX/texmf-dist/tex/generic/pgf/basiclayer/pgfcoretransparency.code.tex
File: pgfcoretransparency.code.tex 2023-01-15 v3.1.10 (3.1.10)
) (c:/tools/TinyTeX/texmf-dist/tex/generic/pgf/basiclayer/pgfcorepatterns.code.tex
File: pgfcorepatterns.code.tex 2023-01-15 v3.1.10 (3.1.10)
) (c:/tools/TinyTeX/texmf-dist/tex/generic/pgf/basiclayer/pgfcorerdf.code.tex
File: pgfcorerdf.code.tex 2023-01-15 v3.1.10 (3.1.10)
))) (c:/tools/TinyTeX/texmf-dist/tex/generic/pgf/modules/pgfmoduleshapes.code.tex
File: pgfmoduleshapes.code.tex 2023-01-15 v3.1.10 (3.1.10)
\pgfnodeparttextbox=\box106
) (c:/tools/TinyTeX/texmf-dist/tex/generic/pgf/modules/pgfmoduleplot.code.tex
File: pgfmoduleplot.code.tex 2023-01-15 v3.1.10 (3.1.10)
) (c:/tools/TinyTeX/texmf-dist/tex/latex/pgf/compatibility/pgfcomp-version-0-65.sty
Package: pgfcomp-version-0-65 2023-01-15 v3.1.10 (3.1.10)
\pgf@nodesepstart=\dimen259
\pgf@nodesepend=\dimen260
) (c:/tools/TinyTeX/texmf-dist/tex/latex/pgf/compatibility/pgfcomp-version-1-18.sty
Package: pgfcomp-version-1-18 2023-01-15 v3.1.10 (3.1.10)
)) (c:/tools/TinyTeX/texmf-dist/tex/latex/pgf/utilities/pgffor.sty (c:/tools/TinyTeX/texmf-dist/tex/latex/pgf/utilities/pgfkeys.sty (c:/tools/TinyTeX/texmf-dist/tex/generic/pgf/utilities/pgfkeys.code.tex)) (c:/tools/TinyTeX/texmf-dist/tex/latex/pgf/math/pgfmath.sty (c:/tools/TinyTeX/texmf-dist/tex/generic/pgf/math/pgfmath.code.tex)) (c:/tools/TinyTeX/texmf-dist/tex/generic/pgf/utilities/pgffor.code.tex
Package: pgffor 2023-01-15 v3.1.10 (3.1.10)
\pgffor@iter=\dimen261
\pgffor@skip=\dimen262
\pgffor@stack=\toks34
\pgffor@toks=\toks35
)) (c:/tools/TinyTeX/texmf-dist/tex/generic/pgf/frontendlayer/tikz/tikz.code.tex
Package: tikz 2023-01-15 v3.1.10 (3.1.10)
 (c:/tools/TinyTeX/texmf-dist/tex/generic/pgf/libraries/pgflibraryplothandlers.code.tex
File: pgflibraryplothandlers.code.tex 2023-01-15 v3.1.10 (3.1.10)
\pgf@plot@mark@count=\count313
\pgfplotmarksize=\dimen263
)
\tikz@lastx=\dimen264
\tikz@lasty=\dimen265
\tikz@lastxsaved=\dimen266
\tikz@lastysaved=\dimen267
\tikz@lastmovetox=\dimen268
\tikz@lastmovetoy=\dimen269
\tikzleveldistance=\dimen270
\tikzsiblingdistance=\dimen271
\tikz@figbox=\box107
\tikz@figbox@bg=\box108
\tikz@tempbox=\box109
\tikz@tempbox@bg=\box110
\tikztreelevel=\count314
\tikznumberofchildren=\count315
\tikznumberofcurrentchild=\count316
\tikz@fig@count=\count317
 (c:/tools/TinyTeX/texmf-dist/tex/generic/pgf/modules/pgfmodulematrix.code.tex
File: pgfmodulematrix.code.tex 2023-01-15 v3.1.10 (3.1.10)
\pgfmatrixcurrentrow=\count318
\pgfmatrixcurrentcolumn=\count319
\pgf@matrix@numberofcolumns=\count320
)
\tikz@expandcount=\count321
 (c:/tools/TinyTeX/texmf-dist/tex/generic/pgf/frontendlayer/tikz/libraries/tikzlibrarytopaths.code.tex
File: tikzlibrarytopaths.code.tex 2023-01-15 v3.1.10 (3.1.10)
))) (c:/tools/TinyTeX/texmf-dist/tex/generic/pgf/frontendlayer/tikz/libraries/tikzlibrarypositioning.code.tex
File: tikzlibrarypositioning.code.tex 2023-01-15 v3.1.10 (3.1.10)
) (c:/tools/TinyTeX/texmf-dist/tex/latex/tools/calc.sty
Package: calc 2023/07/08 v4.3 Infix arithmetic (KKT,FJ)
\calc@Acount=\count322
\calc@Bcount=\count323
\calc@Adimen=\dimen272
\calc@Bdimen=\dimen273
\calc@Askip=\skip53
\calc@Bskip=\skip54
LaTeX Info: Redefining \setlength on input line 80.
LaTeX Info: Redefining \addtolength on input line 81.
\calc@Ccount=\count324
\calc@Cskip=\skip55
)
\c@@todonotes@numberoftodonotes=\count325
) (c:/tools/TinyTeX/texmf-dist/tex/latex/fancyhdr/fancyhdr.sty
Package: fancyhdr 2025/02/07 v5.2 Extensive control of page headers and footers
\f@nch@headwidth=\skip56
\f@nch@offset@elh=\skip57
\f@nch@offset@erh=\skip58
\f@nch@offset@olh=\skip59
\f@nch@offset@orh=\skip60
\f@nch@offset@elf=\skip61
\f@nch@offset@erf=\skip62
\f@nch@offset@olf=\skip63
\f@nch@offset@orf=\skip64
\f@nch@height=\skip65
\f@nch@footalignment=\skip66
\f@nch@widthL=\skip67
\f@nch@widthC=\skip68
\f@nch@widthR=\skip69
\@temptokenb=\toks36
) (c:/tools/TinyTeX/texmf-dist/tex/latex/lipsum/lipsum.sty (c:/tools/TinyTeX/texmf-dist/tex/latex/l3packages/l3keys2e/l3keys2e.sty (c:/tools/TinyTeX/texmf-dist/tex/latex/l3kernel/expl3.sty
Package: expl3 2025-01-18 L3 programming layer (loader) 
 (c:/tools/TinyTeX/texmf-dist/tex/latex/l3backend/l3backend-pdftex.def
File: l3backend-pdftex.def 2024-05-08 L3 backend support: PDF output (pdfTeX)
\l__color_backend_stack_int=\count326
\l__pdf_internal_box=\box111
))
Package: l3keys2e 2024-08-16 LaTeX2e option processing using LaTeX3 keys
)
Package: lipsum 2021-09-20 v2.7 150 paragraphs of Lorem Ipsum dummy text
\g__lipsum_par_int=\count327
\l__lipsum_a_int=\count328
\l__lipsum_b_int=\count329
 (c:/tools/TinyTeX/texmf-dist/tex/latex/lipsum/lipsum.ltd.tex)) (c:/tools/TinyTeX/texmf-dist/tex/latex/tools/tabularx.sty
Package: tabularx 2023/12/11 v2.12a `tabularx' package (DPC)
 (c:/tools/TinyTeX/texmf-dist/tex/latex/tools/array.sty
Package: array 2024/10/17 v2.6g Tabular extension package (FMi)
\col@sep=\dimen274
\ar@mcellbox=\box112
\extrarowheight=\dimen275
\NC@list=\toks37
\extratabsurround=\skip70
\backup@length=\skip71
\ar@cellbox=\box113
)
\TX@col@width=\dimen276
\TX@old@table=\dimen277
\TX@old@col=\dimen278
\TX@target=\dimen279
\TX@delta=\dimen280
\TX@cols=\count330
\TX@ftn=\toks38
) (c:/tools/TinyTeX/texmf-dist/tex/latex/tools/longtable.sty
Package: longtable 2024-10-27 v4.22 Multi-page Table package (DPC)
\LTleft=\skip72
\LTright=\skip73
\LTpre=\skip74
\LTpost=\skip75
\LTchunksize=\count331
\LTcapwidth=\dimen281
\LT@head=\box114
\LT@firsthead=\box115
\LT@foot=\box116
\LT@lastfoot=\box117
\LT@gbox=\box118
\LT@cols=\count332
\LT@rows=\count333
\c@LT@tables=\count334
\c@LT@chunks=\count335
\LT@p@ftn=\toks39
) (c:/tools/TinyTeX/texmf-dist/tex/latex/base/fontenc.sty
Package: fontenc 2021/04/29 v2.0v Standard LaTeX package
) (c:/tools/TinyTeX/texmf-dist/tex/generic/babel/babel.sty
Package: babel 2025/01/25 v25.2 The multilingual framework for pdfLaTeX, LuaLaTeX and XeLaTeX
\babel@savecnt=\count336
\U@D=\dimen282
\l@unhyphenated=\language7
 (c:/tools/TinyTeX/texmf-dist/tex/generic/babel/txtbabel.def)
\bbl@readstream=\read3
\bbl@dirlevel=\count337
 (c:/tools/TinyTeX/texmf-dist/tex/generic/babel-english/english.ldf
Language: english 2017/06/06 v3.3r English support from the babel system
Package babel Info: Hyphen rules for 'canadian' set to \l@english
(babel)             (\language0). Reported on input line 102.
Package babel Info: Hyphen rules for 'australian' set to \l@ukenglish
(babel)             (\language5). Reported on input line 105.
Package babel Info: Hyphen rules for 'newzealand' set to \l@ukenglish
(babel)             (\language5). Reported on input line 108.
) (c:/tools/TinyTeX/texmf-dist/tex/generic/babel/locale/pl/babel-polish.tex)
Package babel Info: Importing data for polish
(babel)             from babel-pl.ini. Reported on input line 4167.
Package babel Info: Hyphen rules for 'polish' set to \l@english
(babel)             (\language0). Reported on input line 4167.
) (c:/tools/TinyTeX/texmf-dist/tex/generic/babel/locale/en/babel-english.tex
Package babel Info: Importing font and identification data for english
(babel)             from babel-en.ini. Reported on input line 11.
) (./thesismanuscript.aux

LaTeX Warning: Label `fig1' multiply defined.


LaTeX Warning: Label `fig1' multiply defined.


LaTeX Warning: Label `fig1' multiply defined.


LaTeX Warning: Label `fig1' multiply defined.


LaTeX Warning: Label `fig1' multiply defined.


LaTeX Warning: Label `fig1' multiply defined.


LaTeX Warning: Label `fig1' multiply defined.


LaTeX Warning: Label `fig1' multiply defined.


LaTeX Warning: Label `fig:low' multiply defined.


LaTeX Warning: Label `fig:middle' multiply defined.


LaTeX Warning: Label `fig:high' multiply defined.


LaTeX Warning: Label `fig1' multiply defined.


LaTeX Warning: Label `fig1' multiply defined.


LaTeX Warning: Label `fig1' multiply defined.


LaTeX Warning: Label `fig1' multiply defined.


LaTeX Warning: Label `fig1' multiply defined.


LaTeX Warning: Label `fig1' multiply defined.


LaTeX Warning: Label `fig2' multiply defined.


LaTeX Warning: Label `fig3' multiply defined.

)
\openout1 = `thesismanuscript.aux'.

LaTeX Font Info:    Checking defaults for OML/cmm/m/it on input line 18.
LaTeX Font Info:    ... okay on input line 18.
LaTeX Font Info:    Checking defaults for OMS/cmsy/m/n on input line 18.
LaTeX Font Info:    ... okay on input line 18.
LaTeX Font Info:    Checking defaults for OT1/cmr/m/n on input line 18.
LaTeX Font Info:    ... okay on input line 18.
LaTeX Font Info:    Checking defaults for T1/cmr/m/n on input line 18.
LaTeX Font Info:    ... okay on input line 18.
LaTeX Font Info:    Checking defaults for TS1/cmr/m/n on input line 18.
LaTeX Font Info:    ... okay on input line 18.
LaTeX Font Info:    Checking defaults for OMX/cmex/m/n on input line 18.
LaTeX Font Info:    ... okay on input line 18.
LaTeX Font Info:    Checking defaults for U/cmr/m/n on input line 18.
LaTeX Font Info:    ... okay on input line 18.
 (c:/tools/TinyTeX/texmf-dist/tex/context/base/mkii/supp-pdf.mkii
[Loading MPS to PDF converter (version 2006.09.02).]
\scratchcounter=\count338
\scratchdimen=\dimen283
\scratchbox=\box119
\nofMPsegments=\count339
\nofMParguments=\count340
\everyMPshowfont=\toks40
\MPscratchCnt=\count341
\MPscratchDim=\dimen284
\MPnumerator=\count342
\makeMPintoPDFobject=\count343
\everyMPtoPDFconversion=\toks41
) (c:/tools/TinyTeX/texmf-dist/tex/latex/epstopdf-pkg/epstopdf-base.sty
Package: epstopdf-base 2020-01-24 v2.11 Base part for package epstopdf
 (c:/tools/TinyTeX/texmf-dist/tex/generic/infwarerr/infwarerr.sty
Package: infwarerr 2019/12/03 v1.5 Providing info/warning/error messages (HO)
) (c:/tools/TinyTeX/texmf-dist/tex/latex/grfext/grfext.sty
Package: grfext 2019/12/03 v1.3 Manage graphics extensions (HO)
 (c:/tools/TinyTeX/texmf-dist/tex/generic/kvdefinekeys/kvdefinekeys.sty
Package: kvdefinekeys 2019-12-19 v1.6 Define keys (HO)
)) (c:/tools/TinyTeX/texmf-dist/tex/latex/kvoptions/kvoptions.sty
Package: kvoptions 2022-06-15 v3.15 Key value format for package options (HO)
 (c:/tools/TinyTeX/texmf-dist/tex/generic/ltxcmds/ltxcmds.sty
Package: ltxcmds 2023-12-04 v1.26 LaTeX kernel commands for general use (HO)
) (c:/tools/TinyTeX/texmf-dist/tex/latex/kvsetkeys/kvsetkeys.sty
Package: kvsetkeys 2022-10-05 v1.19 Key value parser (HO)
)) (c:/tools/TinyTeX/texmf-dist/tex/generic/pdftexcmds/pdftexcmds.sty
Package: pdftexcmds 2020-06-27 v0.33 Utility functions of pdfTeX for LuaTeX (HO)
 (c:/tools/TinyTeX/texmf-dist/tex/generic/iftex/iftex.sty
Package: iftex 2024/12/12 v1.0g TeX engine tests
)
Package pdftexcmds Info: \pdf@primitive is available.
Package pdftexcmds Info: \pdf@ifprimitive is available.
Package pdftexcmds Info: \pdfdraftmode found.
)
Package epstopdf-base Info: Redefining graphics rule for `.eps' on input line 485.
Package grfext Info: Graphics extension search list:
(grfext)             [.pdf,.png,.jpg,.mps,.jpeg,.jbig2,.jb2,.PDF,.PNG,.JPG,.JPEG,.JBIG2,.JB2,.eps]
(grfext)             \AppendGraphicsExtensions on input line 504.
 (c:/tools/TinyTeX/texmf-dist/tex/latex/latexconfig/epstopdf-sys.cfg
File: epstopdf-sys.cfg 2010/07/13 v1.3 Configuration of (r)epstopdf for TeX Live
))
LaTeX Font Info:    External font `cmex10' loaded for size
(Font)              <12> on input line 27.
LaTeX Font Info:    External font `cmex10' loaded for size
(Font)              <8> on input line 27.
LaTeX Font Info:    External font `cmex10' loaded for size
(Font)              <6> on input line 27.
<images/Logo_EN_1.png, id=4, 1204.5pt x 630.355pt>
File: images/Logo_EN_1.png Graphic file (type png)
<use images/Logo_EN_1.png>
Package pdftex.def Info: images/Logo_EN_1.png  used on input line 33.
(pdftex.def)             Requested size: 347.12354pt x 181.66328pt.



Package fancyhdr Warning: \headheight is too small (12.0pt): 
(fancyhdr)                Make it at least 14.49998pt, for example:
(fancyhdr)                \setlength{\headheight}{14.49998pt}.
(fancyhdr)                You might also make \topmargin smaller:
(fancyhdr)                \addtolength{\topmargin}{-2.49998pt}.

[1

{c:/tools/TinyTeX/texmf-var/fonts/map/pdftex/updmap/pdftex.map} <./images/Logo_EN_1.png>]

[2

]
Overfull \hbox (0.49066pt too wide) in paragraph at lines 57--58
\T1/cmr/m/n/12 do wspóªdzie-le-nia kodu, zdefin-iowa¢ przy-padki, w których
 []


Overfull \hbox (15.44884pt too wide) in paragraph at lines 58--59
\T1/cmr/bx/n/12 Keywords:\T1/cmr/m/n/12 Architektura mikrousªug \TS1/cmr/m/n/12 · \T1/cmr/m/n/12 Wspóªdzie-le-nie kodu
 []



[3] (./thesismanuscript.toc

[4

])
\tf@toc=\write4
\openout4 = `thesismanuscript.toc'.



[5]
Overfull \hbox (3.10399pt too wide) in paragraph at lines 73--75
\T1/cmr/m/n/12 porów-na¢ bardziej trady-cyjne pode-j±-cia do wspóªdzie-le-nia kodu, takie
 []



[6]
Overfull \hbox (2.35136pt too wide) in paragraph at lines 79--80
\T1/cmr/m/n/12 Praca jest us-truk-tu-ry-zowana w kilka rozdzi-aªów, przed-staw-iam krótki
 []


Overfull \hbox (5.86603pt too wide) in paragraph at lines 81--82
\T1/cmr/m/n/12 wisow¡. Opisuj¦ dlaczego pow-staªo za-potrze-bowanie na wspóªdzie-
 []


Overfull \hbox (14.26302pt too wide) in paragraph at lines 82--83
\T1/cmr/m/n/12 paracy porównuj¦ mikroser-wisy z pode-j±-ciem mono-li-ty-cznym, przed-
 []


Overfull \hbox (0.46016pt too wide) in paragraph at lines 84--85
\T1/cmr/m/n/12 sowa anal-iza ist-niej¡-cych metod wspóªdzie-le-nia kodu w sys-temach
 []


Overfull \hbox (23.49757pt too wide) in paragraph at lines 85--86
\T1/cmr/m/n/12 pracy ap-likacji która wspo-maga nowoczesne rozwi¡zanie do wspóªdzie-
 []



[7]
Overfull \hbox (17.46158pt too wide) in paragraph at lines 92--93
\T1/cmr/m/n/12 po-radzi¢ so-bie z kwesti¡ wspóªdzie-le-nia kodu w takim sys-temie mikroser-
 []



[8]
Overfull \hbox (29.14285pt too wide) in paragraph at lines 132--133
\T1/cmr/m/n/12 Testy jed-nos-tkowe i in-te-gra-cyjne mo»na w prosty sposób przeprowadza¢
 []



[9]
Overfull \hbox (34.06386pt too wide) in paragraph at lines 140--141
[]\T1/cmr/m/n/12 Równolegªa praca - Ar-chitek-tura mikroser-wisowa pozwala na równolegªy
 []



[10]
Overfull \hbox (4.05043pt too wide) in paragraph at lines 152--153
\T1/cmr/m/n/12 Celem niniejszej pracy mag-is-ter-skiej jest zgª¦-bi-e-nie tem-atu wspóªdzie-
 []


Overfull \hbox (7.5085pt too wide) in paragraph at lines 162--163
\T1/cmr/m/n/12 temie mikroser-wisów mo»na za-pewni¢ in-te-gral-no±¢ danych w caªym
 []



[11]

[12]
Overfull \hbox (1.27472pt too wide) in paragraph at lines 172--174
\T1/cmr/m/n/12 Po przeprowadze-niu dogª¦b-nej anal-izy tem-atu i mi¦dzy in-nymi ¹ródeª
 []


Overfull \hbox (2.80132pt too wide) in paragraph at lines 175--176
[]\T1/cmr/m/n/12 Komunikacja - Metoda wspóªdzie-le-nia obiek-tów powinna uwzgl¦d-
 []


Overfull \hbox (1.8633pt too wide) in paragraph at lines 177--178
\T1/cmr/m/n/12 do obiek-tów powinien by¢ kon-trolowany i zabez-piec-zony w sposób,
 []


Overfull \hbox (38.55804pt too wide) in paragraph at lines 177--178
\T1/cmr/m/n/12 który za-po-b-iega nieau-to-ry-zowanemu dost¦powi. Mech-a-nizmy uwierzytel-
 []


Overfull \hbox (35.89313pt too wide) in paragraph at lines 178--179
[]\T1/cmr/m/n/12 Skalowalno±¢ - Metoda wspóªdzie-le-nia obiek-tów powinna by¢ skalowalna.
 []


Overfull \hbox (4.60426pt too wide) in paragraph at lines 179--180
\T1/cmr/m/n/12 wer-s-jami obiek-tów, szczegól-nie w ±rodowisku mikroser-wisów, gdzie
 []



[13]
Overfull \hbox (1.08086pt too wide) in paragraph at lines 186--187
\T1/cmr/m/n/12 wspóªdzie-le-nia konkret-nych typów obiek-tów, zdefin-iowanych powy»ej
 []


Overfull \hbox (5.87482pt too wide) in paragraph at lines 194--195
[]\T1/cmr/m/n/12 Biblioteki kodu - na-jbardziej oczy-wiste pode-j±-cie, które daje mo»li-
 []


Overfull \hbox (11.00078pt too wide) in paragraph at lines 202--203
\T1/cmr/m/n/12 c-zony przez twór-ców po-trafi na pod-stawie udost¦p-nionych reguª wygen-
 []



[14]
Overfull \hbox (1.01349pt too wide) in paragraph at lines 206--207
\T1/cmr/m/n/12 Pozwala to za-oszcz¦dzi¢ na tes-tach man-u-al-nych oraz au-tomaty-cznych
 []


Overfull \hbox (4.7461pt too wide) in paragraph at lines 206--207
\T1/cmr/m/n/12 to ^^U mamy mikroser-wis, który udost¦p-nia API. API przyj-muje obiekty
 []



[15]
Overfull \hbox (1.73341pt too wide) in paragraph at lines 208--209
\T1/cmr/m/n/12 nikacji mi¦dzy mikroser-wisami i dla wspóªdzie-le-nia kodu w sys-temach
 []


Overfull \hbox (1.7661pt too wide) in paragraph at lines 208--209
\T1/cmr/m/n/12 mog¡ by¢ mikroser-wis do uwierzytel-ni-a-nia u»ytkown-ików, który mo»e
 []


Overfull \hbox (13.03096pt too wide) in paragraph at lines 208--209
\T1/cmr/m/n/12 SDK. Równie» wspóªdzie-le-nie kodu za po-moc¡ REST API nie powoduje
 []



[16]
Overfull \hbox (30.40858pt too wide) in paragraph at lines 216--217
[]\T1/cmr/m/n/12 Obiekty DTO (In-ter-face Def-i-ni-tion Lan-guages) mog¡ by¢ wspóªdzielone
 []


Overfull \hbox (16.67844pt too wide) in paragraph at lines 216--217
\T1/cmr/m/n/12 za-kªada usªuga b¦dzie wyko-rzysty-wa¢ spójne struk-tury danych, uªatwia-
 []



[17]
Overfull \hbox (22.42142pt too wide) in paragraph at lines 218--219
[]\T1/cmr/m/n/12 Obiekty Model, wspóªdzie-le-nie ta-kich obiek-tów zgod-nie z wcze±niejsz¡
 []


Overfull \hbox (3.31738pt too wide) in paragraph at lines 218--219
\T1/cmr/m/n/12 ta-kich obiek-tów. Teo-re-ty-cznie obiekty Model mog¡ by¢ wspóªdzielone
 []


Overfull \hbox (16.25433pt too wide) in paragraph at lines 218--219
\T1/cmr/m/n/12 za po-moc¡ bib-liotek, ale jak za-prezen-towano w  [[]], mo»e to powodowa¢
 []


Overfull \hbox (3.62607pt too wide) in paragraph at lines 220--221
\T1/cmr/m/n/12 reguª wal-i-dacji w sys-temie mikroser-wisów, co poprawia jako±¢ danych,
 []


Overfull \hbox (6.36696pt too wide) in paragraph at lines 220--221
\T1/cmr/m/n/12 nia za po-moc¡ bib-liotek, tracimy mo»li-wo±¢ poª¡czenia kilku mikroser-
 []


Overfull \hbox (22.48677pt too wide) in paragraph at lines 220--221
\T1/cmr/m/n/12 tem mikroser-wisów, co nato-mi-ast mo»emy zro-bi¢ w przy-padku wspóªdzie-
 []


Overfull \hbox (12.14273pt too wide) in paragraph at lines 222--223
\T1/cmr/m/n/12 ser-wisów, pa-suj¡ do wyko-rzys-ta-nia w przy-padku wspóªdzie-le-nia maªych
 []



[18]

[19]

LaTeX Warning: Citation `bloch2018effective' on page 20 undefined on input line 252.



[20]
Overfull \hbox (5.96172pt too wide) in paragraph at lines 253--255
\T1/cmr/m/n/12 wer-s-jami, umo»li-wia-j¡c stop-niow¡ ak-tu-al-iza-cj¦ sys-temu. Powy»szy
 []


Overfull \hbox (26.66277pt too wide) in paragraph at lines 253--255
\T1/cmr/m/n/12 cy-tat pokazuje, jak wa»nym jest za-chowanie kom-paty-bil-no±ci wstecznej
 []


Overfull \hbox (1.26285pt too wide) in paragraph at lines 255--257
\T1/cmr/m/n/12 le»no±ci na nasz¡ ap-likacj¦. Powy»szy cy-tat pokazuje, jak wa»nym
 []


Overfull \hbox (1.04684pt too wide) in paragraph at lines 262--262
 \T1/cmr/bx/n/12 4.3.3 Definicja kry-terium oceny pod k¡tem bez-piecze«stwa[] 
 []


Overfull \hbox (15.6988pt too wide) in paragraph at lines 264--265
\T1/cmr/m/n/12 nieau-to-ry-zowanymi mody-fikac-jami, za-pew-ni-a-j¡c, »e dane s¡ zarówno
 []


Overfull \hbox (8.65755pt too wide) in paragraph at lines 266--267
[]\T1/cmr/m/n/12 Autentyczno±¢ (Au-then-tic-ity) - Gwarancja tego, »e au-to-ry-zowanym
 []


Overfull \hbox (37.23521pt too wide) in paragraph at lines 267--268
\T1/cmr/m/n/12 j¡ce przepisy prawne oraz przepisy bez-piecze«stwa ponios¡ odpowiedzial-
 []



[21]
<images/image-security.png, id=81, 419.31656pt x 398.23781pt>
File: images/image-security.png Graphic file (type png)
<use images/image-security.png>
Package pdftex.def Info: images/image-security.png  used on input line 274.
(pdftex.def)             Requested size: 347.12354pt x 329.67441pt.


[22 <./images/image-security.png>]
Overfull \hbox (6.10475pt too wide) in paragraph at lines 286--287
[]\T1/cmr/m/n/12 W rozdziale 1 au-torzy defini-uj¡ po-j¦-cie skalowal-no±ci jako 4 gªówne
 []


LaTeX Warning: Citation `bloch2018effective' on page 23 undefined on input line 301.


LaTeX Warning: Citation `bloch2018effective' on page 23 undefined on input line 302.



[23]
Overfull \hbox (10.46484pt too wide) in paragraph at lines 304--305
\T1/cmr/m/n/12 pozwala-j¡c cofn¡¢ zmi-any. Poprawia wspóªprac¦ mi¦dzy ze-spoªami,
 []


Overfull \hbox (19.31873pt too wide) in paragraph at lines 311--312
\T1/cmr/bx/n/12 i-ni-tion lan-guages[] \T1/cmr/m/n/12 Ocena pod k¡tem ko-mu-nikacji ^^U za-pew-nia potrzebny
 []


Overfull \hbox (9.36848pt too wide) in paragraph at lines 317--318
\T1/cmr/m/n/12 gardªem w przy-padku wyko-rzys-ta-nia przez wiele ze-spoªów, wymaga
 []



[24]
Overfull \hbox (13.2188pt too wide) in paragraph at lines 319--320
\T1/cmr/m/n/12 to, »e takie pode-j±-cie up-raszcza zarz¡dzanie za-le»no±-ci-ami, poniewa»
 []


Overfull \hbox (11.09789pt too wide) in paragraph at lines 321--322
\T1/cmr/m/n/12 usªugi w sys-temie oraz to, »e ko-mu-nikacja sieciowa mo»e powodowa¢
 []


Underfull \vbox (badness 5417) has occurred while \output is active []



[25]
Overfull \hbox (5.67348pt too wide) in paragraph at lines 324--325
\T1/cmr/m/n/12 ple-men-tacji zarz¡dza-nia plikami IDL, dla ka»dego z powy»ej opisanego
 []


Overfull \hbox (3.23044pt too wide) in paragraph at lines 366--366
[]|\T1/cmr/m/n/9 Umiarkowany: 
 []


Overfull \hbox (3.23044pt too wide) in paragraph at lines 366--366
[]|\T1/cmr/m/n/9 Umiarkowany: 
 []


Overfull \hbox (3.23045pt too wide) in paragraph at lines 366--366
[]|\T1/cmr/m/n/9 Umiarkowana: 
 []


Overfull \hbox (3.23044pt too wide) in paragraph at lines 366--366
[]|\T1/cmr/m/n/9 Umiarkowany: 
 []


Overfull \hbox (3.23045pt too wide) in paragraph at lines 366--366
[]|\T1/cmr/m/n/9 Umiarkowana: 
 []


Overfull \hbox (3.23045pt too wide) in paragraph at lines 366--366
[]|\T1/cmr/m/n/9 Umiarkowana: 
 []


Overfull \hbox (3.23045pt too wide) in paragraph at lines 366--366
[]|\T1/cmr/m/n/9 Umiarkowana: 
 []


Overfull \hbox (1.49478pt too wide) in paragraph at lines 366--366
[]|\T1/cmr/bx/n/9 Deployment 
 []


Overfull \hbox (3.23045pt too wide) in paragraph at lines 366--366
[]|\T1/cmr/m/n/9 Umiarkowana: 
 []


Overfull \hbox (3.23045pt too wide) in paragraph at lines 366--366
[]|\T1/cmr/m/n/9 Umiarkowana: 
 []


LaTeX Warning: Float too large for page by 99.22224pt on input line 367.



[26]

[27]
Underfull \hbox (badness 1158) in paragraph at lines 378--378
[]|\T1/cmr/m/n/12 Zaawansowane mech-
 []


Underfull \hbox (badness 10000) in paragraph at lines 378--378
\T1/cmr/m/n/12 a-nizmy kon-troli
 []


Underfull \hbox (badness 10000) in paragraph at lines 378--378
\T1/cmr/m/n/12 dost¦pu wspier-
 []


Underfull \hbox (badness 10000) in paragraph at lines 378--378
\T1/cmr/m/n/12 aj¡ w za-pewnie-niu
 []


Underfull \hbox (badness 10000) in paragraph at lines 378--378
[]|\T1/cmr/m/n/12 Wymaga odpowied-
 []


Underfull \hbox (badness 10000) in paragraph at lines 378--378
\T1/cmr/m/n/12 niej do-datkowej
 []


Underfull \hbox (badness 10000) in paragraph at lines 379--379
[]|\T1/cmr/m/n/12 Peªna i prze-jrzysta
 []


Underfull \hbox (badness 10000) in paragraph at lines 379--379
\T1/cmr/m/n/12 his-to-ria zmian za-
 []


Underfull \hbox (badness 10000) in paragraph at lines 379--379
\T1/cmr/m/n/12 pew-nia in-te-gral-no±¢
 []


Underfull \hbox (badness 1173) in paragraph at lines 379--379
[]|\T1/cmr/m/n/12 Problemy z in-te-gral-
 []


Underfull \hbox (badness 10000) in paragraph at lines 379--379
\T1/cmr/m/n/12 w przy-padku, gdy
 []


Underfull \hbox (badness 6625) in paragraph at lines 379--379
\T1/cmr/m/n/12 zmi-any nie zostan¡
 []


Underfull \hbox (badness 10000) in paragraph at lines 380--380
[]|\T1/cmr/m/n/12 Scentralizowane re-
 []


Underfull \hbox (badness 2961) in paragraph at lines 380--380
\T1/cmr/m/n/12 pozy-to-rium dost¦pne
 []


Underfull \hbox (badness 10000) in paragraph at lines 380--380
[]|\T1/cmr/m/n/12 Awaria ser-w-era
 []


Underfull \hbox (badness 10000) in paragraph at lines 380--380
\T1/cmr/m/n/12 cen-tral-nego mo»e
 []


Underfull \hbox (badness 10000) in paragraph at lines 381--381
[]|\T1/cmr/m/n/12 Uwierzytelnianie
 []


Underfull \hbox (badness 10000) in paragraph at lines 381--381
\T1/cmr/m/n/12 u»ytkown-ików kon-
 []


Underfull \hbox (badness 10000) in paragraph at lines 381--381
\T1/cmr/m/n/12 troluje dost¦p do
 []


Underfull \hbox (badness 3579) in paragraph at lines 381--381
\T1/cmr/m/n/12 u-racja uwierzytel-ni-a-
 []


Underfull \hbox (badness 3919) in paragraph at lines 381--381
\T1/cmr/m/n/12 nia mo»e prowadzi¢
 []


Underfull \hbox (badness 10000) in paragraph at lines 382--382
[]|\T1/cmr/m/n/12 Za po-moc¡
 []


Underfull \hbox (badness 10000) in paragraph at lines 382--382
\T1/cmr/m/n/12 uwierzytel-ni-a-nia
 []


Underfull \hbox (badness 10000) in paragraph at lines 382--382
\T1/cmr/m/n/12 mo»na kon-trolowa¢
 []


Underfull \hbox (badness 2828) in paragraph at lines 382--382
\T1/cmr/m/n/12 dost¦p do re-pozy-to-
 []


Underfull \hbox (badness 10000) in paragraph at lines 382--382
[]|\T1/cmr/m/n/12 Proces
 []


Underfull \hbox (badness 10000) in paragraph at lines 382--382
\T1/cmr/m/n/12 przeprowadzenia
 []


Underfull \hbox (badness 10000) in paragraph at lines 382--382
\T1/cmr/m/n/12 au-dytu w sys-temie
 []


Underfull \hbox (badness 10000) in paragraph at lines 384--384
[]|\T1/cmr/m/n/12 Uwierzytelnianie i
 []


Underfull \hbox (badness 5460) in paragraph at lines 384--384
\T1/cmr/m/n/12 mech-a-nizmy kon-troli
 []


Underfull \hbox (badness 10000) in paragraph at lines 384--384
\T1/cmr/m/n/12 dost¦pu po-ma-gaj¡
 []


Underfull \hbox (badness 10000) in paragraph at lines 384--384
[]|\T1/cmr/m/n/12 Nieprawidªowa
 []


Underfull \hbox (badness 10000) in paragraph at lines 384--384
\T1/cmr/m/n/12 kon-fig-u-racja mo»e
 []


Underfull \hbox (badness 4647) in paragraph at lines 384--384
\T1/cmr/m/n/12 ry-zowanego udost¦p-
 []


Underfull \hbox (badness 10000) in paragraph at lines 385--385
[]|\T1/cmr/m/n/12 Brak wer-sjonowa-nia
 []


Underfull \hbox (badness 10000) in paragraph at lines 385--385
\T1/cmr/m/n/12 mo»e spowodowa¢
 []


Underfull \hbox (badness 10000) in paragraph at lines 386--386
[]|\T1/cmr/m/n/12 Scentralne prze-
 []


Underfull \hbox (badness 10000) in paragraph at lines 386--386
\T1/cmr/m/n/12 chowywanie arte-fak-
 []


Underfull \hbox (badness 4779) in paragraph at lines 386--386
[]|\T1/cmr/m/n/12 Wymaga do-datkowej
 []


Underfull \hbox (badness 10000) in paragraph at lines 388--388
[]|\T1/cmr/m/n/12 Nie wszys-tkie
 []


Underfull \hbox (badness 10000) in paragraph at lines 388--388
\T1/cmr/m/n/12 rozwi¡za-nia za-
 []


Underfull \hbox (badness 10000) in paragraph at lines 388--388
\T1/cmr/m/n/12 pew-ni-aj¡ au-dyt i
 []


Underfull \hbox (badness 10000) in paragraph at lines 388--388
\T1/cmr/m/n/12 mon-i-torowanie dzi-
 []


Underfull \hbox (badness 10000) in paragraph at lines 388--388
[]|\T1/cmr/m/n/12 Wªa±ciwe lo-gowanie
 []


Underfull \hbox (badness 10000) in paragraph at lines 388--388
\T1/cmr/m/n/12 zewn¦trzne jest
 []


Underfull \hbox (badness 10000) in paragraph at lines 388--388
\T1/cmr/m/n/12 niezb¦dne do ro-
 []


Underfull \hbox (badness 10000) in paragraph at lines 390--390
[]|\T1/cmr/m/n/12 Scentralizowana
 []


Underfull \hbox (badness 10000) in paragraph at lines 390--390
\T1/cmr/m/n/12 kon-trola dost¦pu
 []


Underfull \hbox (badness 10000) in paragraph at lines 390--390
\T1/cmr/m/n/12 po-maga poprawi¢
 []


Underfull \hbox (badness 10000) in paragraph at lines 391--391
[]|\T1/cmr/m/n/12 Scentralizowane
 []


Underfull \hbox (badness 10000) in paragraph at lines 391--391
\T1/cmr/m/n/12 zarz¡dzanie zmi-
 []


Underfull \hbox (badness 10000) in paragraph at lines 391--391
\T1/cmr/m/n/12 anami po-maga w
 []


Underfull \hbox (badness 7558) in paragraph at lines 391--391
[]|\T1/cmr/m/n/12 S¡ ró»ne wyzwa-nia
 []


Underfull \hbox (badness 2828) in paragraph at lines 391--391
\T1/cmr/m/n/12 zwi¡zane z syn-chro-
 []


Underfull \hbox (badness 10000) in paragraph at lines 392--392
[]|\T1/cmr/m/n/12 Scentralizowane re-
 []


Underfull \hbox (badness 10000) in paragraph at lines 392--392
[]|\T1/cmr/m/n/12 Wymaga solid-nie
 []


Underfull \hbox (badness 10000) in paragraph at lines 392--392
\T1/cmr/m/n/12 postaw-ionej in-fras-
 []


Underfull \hbox (badness 5189) in paragraph at lines 392--392
\T1/cmr/m/n/12 truk-tury do u»ytku
 []


Underfull \hbox (badness 1087) in paragraph at lines 393--393
[]|\T1/cmr/m/n/12 Kontrola dost¦pu na
 []


Underfull \hbox (badness 10000) in paragraph at lines 393--393
\T1/cmr/m/n/12 wy»szym poziomie
 []


Underfull \hbox (badness 10000) in paragraph at lines 393--393
\T1/cmr/m/n/12 w or-ga-ni-za-cji po-
 []


Underfull \hbox (badness 10000) in paragraph at lines 393--393
[]|\T1/cmr/m/n/12 Zarz¡dzanie up-
 []


Underfull \hbox (badness 3919) in paragraph at lines 393--393
\T1/cmr/m/n/12 i mo»e do-prowadzi¢
 []


Underfull \hbox (badness 10000) in paragraph at lines 394--394
[]|\T1/cmr/m/n/12 Scentralizowane
 []


Underfull \hbox (badness 10000) in paragraph at lines 394--394
\T1/cmr/m/n/12 pro-cesy biz-ne-sowe
 []


Underfull \hbox (badness 10000) in paragraph at lines 394--394
\T1/cmr/m/n/12 umo»li-wiaj¡ peªne
 []


Underfull \hbox (badness 10000) in paragraph at lines 394--394
\T1/cmr/m/n/12 odpowiedzial-nego za
 []


Underfull \hbox (badness 10000) in paragraph at lines 394--394
\T1/cmr/m/n/12 bª¡d w rezulta-cie
 []


Underfull \hbox (badness 10000) in paragraph at lines 396--396
[]|\T1/cmr/m/n/12 Bezpieczne punkty
 []


Underfull \hbox (badness 10000) in paragraph at lines 396--396
\T1/cmr/m/n/12 ko«-cowe API z
 []


Underfull \hbox (badness 10000) in paragraph at lines 396--396
\T1/cmr/m/n/12 uwierzytel-ni-an-iem i
 []


Underfull \hbox (badness 2512) in paragraph at lines 396--396
\T1/cmr/m/n/12 szyfrowaniem za-pew-
 []


Underfull \hbox (badness 2189) in paragraph at lines 396--396
[]|\T1/cmr/m/n/12 Wymaga kon-fig-u-racji
 []


Underfull \hbox (badness 10000) in paragraph at lines 396--396
\T1/cmr/m/n/12 bez-piecze«stwa i
 []


Underfull \hbox (badness 10000) in paragraph at lines 396--396
\T1/cmr/m/n/12 staªego mon-i-torowa-
 []


Underfull \hbox (badness 10000) in paragraph at lines 397--397
[]|\T1/cmr/m/n/12 Systemy kon-troli
 []


Underfull \hbox (badness 10000) in paragraph at lines 397--397
\T1/cmr/m/n/12 doku-men-tacja mog¡
 []


Underfull \hbox (badness 10000) in paragraph at lines 397--397
[]|\T1/cmr/m/n/12 Nieprawidªowe
 []


Underfull \hbox (badness 10000) in paragraph at lines 397--397
\T1/cmr/m/n/12 zarz¡dzanie wer-s-
 []


Underfull \hbox (badness 10000) in paragraph at lines 397--397
\T1/cmr/m/n/12 do prob-lemów z
 []


Underfull \hbox (badness 10000) in paragraph at lines 398--398
[]|\T1/cmr/m/n/12 Zapewnia wysok¡
 []


Underfull \hbox (badness 10000) in paragraph at lines 398--398
\T1/cmr/m/n/12 dost¦p-no±¢ dz-i¦ki
 []


Underfull \hbox (badness 10000) in paragraph at lines 398--398
\T1/cmr/m/n/12 au-tomaty-cznemu
 []


Underfull \hbox (badness 10000) in paragraph at lines 398--398
[]|\T1/cmr/m/n/12 Zale»no±¢ od sta-
 []


Underfull \hbox (badness 10000) in paragraph at lines 398--398
\T1/cmr/m/n/12 bil-nego poª¡czenia
 []


Underfull \hbox (badness 10000) in paragraph at lines 399--399
[]|\T1/cmr/m/n/12 Mechanizmy
 []


Underfull \hbox (badness 10000) in paragraph at lines 399--399
\T1/cmr/m/n/12 uwierzytel-ni-a-
 []


Underfull \hbox (badness 10000) in paragraph at lines 399--399
\T1/cmr/m/n/12 nia, au-to-ryza-
 []


Underfull \hbox (badness 10000) in paragraph at lines 399--399
\T1/cmr/m/n/12 cji i cer-ty-fikatów
 []


Underfull \hbox (badness 10000) in paragraph at lines 399--399
\T1/cmr/m/n/12 cyfrowych wspo-ma-
 []


Underfull \hbox (badness 2600) in paragraph at lines 399--399
[]|\T1/cmr/m/n/12 Wymaga reg-u-larnego
 []


Underfull \hbox (badness 10000) in paragraph at lines 399--399
\T1/cmr/m/n/12 mon-i-torowa-nia sys-
 []


Underfull \hbox (badness 10000) in paragraph at lines 400--400
[]|\T1/cmr/m/n/12 Szczegóªowe logi
 []


Underfull \hbox (badness 10000) in paragraph at lines 400--400
\T1/cmr/m/n/12 umo»li-wiaj¡ pre-
 []


Underfull \hbox (badness 10000) in paragraph at lines 400--400
\T1/cmr/m/n/12 cyzyjne ±ledze-nie
 []


Underfull \hbox (badness 10000) in paragraph at lines 400--400
[]|\T1/cmr/m/n/12 Integracja z sys-
 []


Underfull \hbox (badness 10000) in paragraph at lines 400--400
\T1/cmr/m/n/12 temami zarz¡dza-nia
 []


Underfull \hbox (badness 10000) in paragraph at lines 400--400
\T1/cmr/m/n/12 logami wymaga
 []


Overfull \hbox (4.30946pt too wide) in alignment at lines 373--401
 [] [] [] 
 []

[28] [29]
Overfull \hbox (10.1196pt too wide) in paragraph at lines 405--406
[]\T1/cmr/m/n/12 Na pod-stawie anal-izy ¹ródeª lit-er-atur-owych oraz wªas-nych do±wiad-
 []


Underfull \hbox (badness 1237) in paragraph at lines 408--408
[]\T1/cmr/m/n/12 Tablica 3: Porów-nanie pode-j±¢ do zarz¡dza-nia ko-
 []


Overfull \hbox (3.95493pt too wide) in alignment at lines 407--412
 [] [] 
 []


Overfull \hbox (3.95493pt too wide) in alignment at lines 412--417
 [] [] 
 []


Overfull \hbox (3.95493pt too wide) in alignment at lines 417--420
 [] [] 
 []


Overfull \hbox (3.95493pt too wide) in alignment at lines 420--423
 [] [] 
 []


Underfull \hbox (badness 10000) in paragraph at lines 429--430
[]\T1/cmr/m/n/12 Rozgaª¦zianie i tagowanie umo»li-wiaj¡
 []


Underfull \hbox (badness 10000) in paragraph at lines 429--430
\T1/cmr/m/n/12 izolowane przy-go-towanie paczki zmian i
 []


Underfull \hbox (badness 10000) in paragraph at lines 430--431
[]\T1/cmr/m/n/12 Peªna his-to-ria com-mitów umo»li-wia
 []


Underfull \hbox (badness 1478) in paragraph at lines 435--436
[]\T1/cmr/m/n/12 Tagi daj¡ mo»li-wo±ci oz-nacza-nia sta-bil-nych
 []


Underfull \hbox (badness 1509) in paragraph at lines 439--440
[]\T1/cmr/m/n/12 Peªna his-to-ria com-mitów jest za-wsze prze-
 []


Underfull \hbox (badness 1028) in paragraph at lines 440--441
[]\T1/cmr/m/n/12 Zapewnia odpowiedzialnosc za wprowad-zone
 []


Underfull \hbox (badness 4403) in paragraph at lines 454--455
[]\T1/cmr/m/n/12 Takie pode-j±-cie za-pew-nia to prze-jrzys-to±¢
 []


Underfull \hbox (badness 6758) in paragraph at lines 458--459
[]\T1/cmr/m/n/12 Centralne re-pozy-to-rium prze-chowuje kom-
 []


Underfull \hbox (badness 1490) in paragraph at lines 476--477
[]\T1/cmr/m/n/12 Scentralizowana his-to-ria uªatwia powrót do
 []


Overfull \hbox (3.95493pt too wide) in alignment at lines 423--492
 [] [] 
 []



[30] [31]
Overfull \hbox (10.82779pt too wide) in paragraph at lines 496--497
 \T1/cmr/bx/n/12 4.4.2 Ocena wspówdzieleina kodu za po-moc¡ bib-liotek[] \T1/cmr/m/n/12 Ocena
 []


Underfull \vbox (badness 10000) has occurred while \output is active []



[32]
Overfull \hbox (1.33974pt too wide) in paragraph at lines 506--507
[]\T1/cmr/m/n/12 Izolacja wer-sji: Bib-lioteki za-zwyczaj u»y-waj¡ se-man-ty-cznego wer-
 []


Overfull \hbox (6.71303pt too wide) in paragraph at lines 506--507
\T1/cmr/m/n/12 deweloperom odpowied-nie zarz¡dzanie za-le»no±-ci-ami. Przy odpowied-
 []


Overfull \hbox (19.15845pt too wide) in paragraph at lines 508--509
\T1/cmr/m/n/12 w przy-padku gdy za-le»no±ci nie s¡ praw-idªowo izolowane mog¡ prowadzi¢
 []



[33]
Overfull \hbox (2.69734pt too wide) in paragraph at lines 522--523
\T1/cmr/m/n/12 umo»li-wiaj¡ ±ledze-nie pochodzenia zmian. Wspo-maga to w za-pewnie-
 []


Overfull \hbox (16.12383pt too wide) in paragraph at lines 532--533
\T1/cmr/m/n/12 w przy-padku bib-lioteki obiekty s¡ do-dawane do pro-jektu przez narz¦dzie
 []


Overfull \hbox (19.87628pt too wide) in paragraph at lines 532--533
\T1/cmr/m/n/12 icznej ta-kich jak bro-kery wiado-mo±ci jak równie» dla wysªa-nia bezpo±red-
 []



[34]
Overfull \hbox (6.03311pt too wide) in paragraph at lines 540--541
[]\T1/cmr/m/n/12 Izolacja za-le»no±ci: SDK cz¦sto za-w-ier-aj¡ wiele bib-liotek w sposób,
 []


Overfull \hbox (5.6492pt too wide) in paragraph at lines 547--548
\T1/cmr/m/n/12 nenty przestrze-gaj¡ ±cisªych za-sad kon-troli dost¦pu zm-niej¡c to ryzyko
 []


Overfull \hbox (1.11351pt too wide) in paragraph at lines 549--550
\T1/cmr/m/n/12 testowane, aby za-pewni¢, »e zmi-any nie narusz¡ in-te-gral-no±ci danych.
 []


Overfull \hbox (37.10536pt too wide) in paragraph at lines 559--560
\T1/cmr/m/n/12 zªo»one, poniewa» musimy uwzgl¦d-nia¢ zmi-any we wszys-t-kich wewn¦trznych
 []



[35]
Overfull \hbox (23.47151pt too wide) in paragraph at lines 579--580
[]\T1/cmr/m/n/12 Mo»liwo±¢ utrzymy-wa-nia wielu wer-sji API równole-gle. Wer-sjonowanie
 []


Overfull \hbox (30.18468pt too wide) in paragraph at lines 579--580
\T1/cmr/m/n/12 mo»e by¢ re-al-i-zowane poprzez URL (np. /api/v1/, /api/v2/). Konieczno±¢
 []


Overfull \hbox (22.21474pt too wide) in paragraph at lines 579--580
\T1/cmr/m/n/12 ob-sªugi kom-paty-bil-no±ci wstecznej mi¦dzy wer-s-jami. Zªo»ono±¢ zarz¡dza-
 []



[36]
Overfull \hbox (1.88835pt too wide) in paragraph at lines 583--584
\T1/cmr/m/n/12 iowane in-ter-fe-jsy REST. Ka»dy ser-wis mo»e by¢ rozwi-jany i wdra»any
 []


Overfull \hbox (4.09833pt too wide) in paragraph at lines 591--592
[]\T1/cmr/m/n/12 Konieczno±¢ im-ple-men-tacji mech-a-nizmów au-t-en-tykacji (np. JWT,
 []


Overfull \hbox (5.3911pt too wide) in paragraph at lines 591--592
\T1/cmr/m/n/12 OAuth). Wyma-gane szyfrowanie ko-mu-nikacji poprzez HTTPS. Mo»li-
 []


Overfull \hbox (11.3771pt too wide) in paragraph at lines 603--604
[]\T1/cmr/m/n/12 Implementacja mech-a-nizmów uwierzytel-ni-a-nia i au-to-ryza-cji. Mo»li-
 []


Overfull \hbox (4.85078pt too wide) in paragraph at lines 607--608
[]\T1/cmr/m/n/12 Mo»liwo±¢ ±ledzenia wszys-t-kich op-er-acji poprzez logi. Konieczno±¢
 []



[37]
Overfull \hbox (3.1216pt too wide) in paragraph at lines 617--618
\T1/cmr/m/n/12 i wywoªa-nia funkcji. Mech-a-nizm wspóªdzie-le-nia opiera si¦ na wywoªy-
 []


Overfull \hbox (4.63763pt too wide) in paragraph at lines 621--622
\T1/cmr/m/n/12 padku oceny izo-lacji ar-chitek-tury server-less kry-te-ria oceny s¡ nast¦pu-
 []


Overfull \hbox (7.1351pt too wide) in paragraph at lines 632--633
\T1/cmr/m/n/12 funkcji, co elimin-uje kon-flikty za-le»no±ci. Wymaga to jed-nak zarz¡dza-
 []


Overfull \hbox (3.12146pt too wide) in paragraph at lines 640--641
\T1/cmr/m/n/12 piecze«stwa i izo-lacji. Ka»da funkcja dzi-aªa w izolowanym ±rodowisku
 []



[38]
Overfull \hbox (11.03334pt too wide) in paragraph at lines 644--645
\T1/cmr/m/n/12 rzys-tanie man-aged ser-vices do prze-chowywa-nia i przetwarza-nia danych.
 []


Overfull \hbox (11.81638pt too wide) in paragraph at lines 648--649
[]\T1/cmr/m/n/12 Architektura server-less za-pew-nia au-tomaty-czne skalowanie i wysok¡
 []


Overfull \hbox (15.71918pt too wide) in paragraph at lines 648--649
\T1/cmr/m/n/12 dost¦p-no±¢. Plat-formy zarz¡dzaj¡ in-fras-truk-tur¡ i gwaran-tuj¡ okre±lony
 []


Overfull \hbox (16.12581pt too wide) in paragraph at lines 656--657
[]\T1/cmr/m/n/12 Platformy za-pew-ni-aj¡ szczegóªowe lo-gowanie i mon-i-torowanie wszys-
 []



[39]

[40]
Overfull \hbox (4.79176pt too wide) in paragraph at lines 674--675
 \T1/cmr/bx/n/12 4.4.6 Ocena wspówdzieleina pod k¡tem skalowal-no±ci[] \T1/cmr/m/n/12 Ocena
 []


Overfull \hbox (13.72437pt too wide) in paragraph at lines 685--686
\T1/cmr/m/n/12 ane s¡ testy wyda-jno±-ciowe przy-go-towane za po-moc¡ narz¦dzia Gatling.
 []


Overfull \hbox (3.23438pt too wide) in paragraph at lines 689--690
[]\T1/cmr/m/n/12 Aplikacja tes-tu-j¡ca wyda-jno±¢ ap-likacji przykªad-owej posi-ada trzy
 []


Overfull \hbox (9.30379pt too wide) in paragraph at lines 689--690
\T1/cmr/m/n/12 al-i-zowane w celu ob-serwacji dzi-aªa-nia ap-likacji przy ró»nych poziomach
 []



[41]
<images/idl-memory-low-graph.jpg, id=147, 963.6pt x 196.48407pt>
File: images/idl-memory-low-graph.jpg Graphic file (type jpg)
<use images/idl-memory-low-graph.jpg>
Package pdftex.def Info: images/idl-memory-low-graph.jpg  used on input line 694.
(pdftex.def)             Requested size: 347.12354pt x 70.77917pt.

Overfull \hbox (3.09912pt too wide) in paragraph at lines 705--706
[]\T1/cmr/m/n/12 Wyst¦puje wi¦cej prz-erw mi¦dzy zdarzeni-ami alokacji, co wskazuje
 []



[42 <./images/idl-memory-low-graph.jpg>]
File: images/idl-memory-low-graph.jpg Graphic file (type jpg)
<use images/idl-memory-low-graph.jpg>
Package pdftex.def Info: images/idl-memory-low-graph.jpg  used on input line 725.
(pdftex.def)             Requested size: 347.12354pt x 70.77917pt.


[43]
<images/idl-low-gatling-graph.jpg, id=155, 567.62062pt x 285.31593pt>
File: images/idl-low-gatling-graph.jpg Graphic file (type jpg)
<use images/idl-low-gatling-graph.jpg>
Package pdftex.def Info: images/idl-low-gatling-graph.jpg  used on input line 762.
(pdftex.def)             Requested size: 347.12354pt x 174.48653pt.


[44 <./images/idl-low-gatling-graph.jpg>]
<images/idl-midle-gatling-graph.jpg, id=159, 567.62062pt x 280.79906pt>
File: images/idl-midle-gatling-graph.jpg Graphic file (type jpg)
<use images/idl-midle-gatling-graph.jpg>
Package pdftex.def Info: images/idl-midle-gatling-graph.jpg  used on input line 778.
(pdftex.def)             Requested size: 347.12354pt x 171.7242pt.


[45 <./images/idl-midle-gatling-graph.jpg>]
Overfull \hbox (2.79727pt too wide) in paragraph at lines 795--796
\T1/cmr/m/n/12 odpowied¹. Porównu-j¡c czas oczeki-wa-nia w przy-padku ró»nych pode-
 []


Overfull \hbox (13.72437pt too wide) in paragraph at lines 806--807
\T1/cmr/m/n/12 ane s¡ testy wyda-jno±-ciowe przy-go-towane za po-moc¡ narz¦dzia Gatling.
 []


Overfull \hbox (3.23438pt too wide) in paragraph at lines 810--811
[]\T1/cmr/m/n/12 Aplikacja tes-tu-j¡ca wyda-jno±¢ ap-likacji przykªad-owej posi-ada trzy
 []


Overfull \hbox (9.30379pt too wide) in paragraph at lines 810--811
\T1/cmr/m/n/12 al-i-zowane w celu ob-serwacji dzi-aªa-nia ap-likacji przy ró»nych poziomach
 []



[46]
<images/sdk-memory-low-graph.jpg, id=166, 963.6pt x 196.48407pt>
File: images/sdk-memory-low-graph.jpg Graphic file (type jpg)
<use images/sdk-memory-low-graph.jpg>
Package pdftex.def Info: images/sdk-memory-low-graph.jpg  used on input line 817.
(pdftex.def)             Requested size: 347.12354pt x 70.77917pt.

Overfull \hbox (2.5464pt too wide) in paragraph at lines 824--825
[]\T1/cmr/m/n/12 Przegl¡d: Ten wykres pokazuje sta-bilny i sto-sunkowo niski poziom
 []


Overfull \hbox (9.51003pt too wide) in paragraph at lines 826--827
[]\T1/cmr/m/n/12 Garbage col-lec-tion: Wykres wskazuje 2-3 zdarzenia zbiera-nia ±mieci
 []



[47 <./images/sdk-memory-low-graph.jpg>]
<images/sdk-memory-middle-graph.jpg, id=170, 963.6pt x 199.49532pt>
File: images/sdk-memory-middle-graph.jpg Graphic file (type jpg)
<use images/sdk-memory-middle-graph.jpg>
Package pdftex.def Info: images/sdk-memory-middle-graph.jpg  used on input line 832.
(pdftex.def)             Requested size: 347.12354pt x 71.8639pt.

Overfull \hbox (3.39484pt too wide) in paragraph at lines 837--838
[]\T1/cmr/m/n/12 Przegl¡d: Ten wykres przed-stawia znaczny wzrost zu»y-cia pami¦ci
 []



[48 <./images/sdk-memory-middle-graph.jpg>]
<images/sdk-gatling-low-graph.jpg, id=174, 567.62062pt x 286.06876pt>
File: images/sdk-gatling-low-graph.jpg Graphic file (type jpg)
<use images/sdk-gatling-low-graph.jpg>
Package pdftex.def Info: images/sdk-gatling-low-graph.jpg  used on input line 854.
(pdftex.def)             Requested size: 277.69987pt x 139.96103pt.

Overfull \hbox (14.65042pt too wide) in paragraph at lines 862--863
[]\T1/cmr/m/n/12 Czas reakcji 1200 ms i wi¦cej: Kilka »¡-da« ^^U spo-rady-czne opó¹nienia,
 []



[49 <./images/sdk-gatling-low-graph.jpg>]
<images/sdk-gatling-middle-graph.jpg, id=179, 569.87906pt x 285.31593pt>
File: images/sdk-gatling-middle-graph.jpg Graphic file (type jpg)
<use images/sdk-gatling-middle-graph.jpg>
Package pdftex.def Info: images/sdk-gatling-middle-graph.jpg  used on input line 870.
(pdftex.def)             Requested size: 277.69987pt x 139.03108pt.

Overfull \hbox (3.85387pt too wide) in paragraph at lines 876--877
[]\T1/cmr/m/n/12 Czas reakcji poni»ej 800 ms: Okoªo 2800 »¡-da« ^^U wyra¹na poprawa
 []



[50 <./images/sdk-gatling-middle-graph.jpg>]
<images/sdk-gatling-high-graph.jpg, id=184, 570.63188pt x 286.06876pt>
File: images/sdk-gatling-high-graph.jpg Graphic file (type jpg)
<use images/sdk-gatling-high-graph.jpg>
Package pdftex.def Info: images/sdk-gatling-high-graph.jpg  used on input line 886.
(pdftex.def)             Requested size: 277.69987pt x 139.2146pt.


[51 <./images/sdk-gatling-high-graph.jpg>]
Overfull \hbox (14.92044pt too wide) in paragraph at lines 910--911
[]\T1/cmr/m/n/12 Ocena wspóªdzie-le-nia kodu za po-moc¡ bib-liotek pod k¡tem skalowal-
 []


Overfull \hbox (4.44043pt too wide) in paragraph at lines 914--915
[]\T1/cmr/m/n/12 W celu przy-go-towa-nia anal-izy pod k¡tem skalowal-no±ci, tak samo0
 []


Overfull \hbox (31.32962pt too wide) in paragraph at lines 914--915
\T1/cmr/m/n/12 wyda-jno±ci przykªad-owej ap-likacji wyko-rzys-tu-j¡cej bib-lioteki do wspóªdzie-
 []


Overfull \hbox (13.72437pt too wide) in paragraph at lines 920--921
\T1/cmr/m/n/12 ane s¡ testy wyda-jno±-ciowe przy-go-towane za po-moc¡ narz¦dzia Gatling.
 []


Overfull \hbox (3.23438pt too wide) in paragraph at lines 924--925
[]\T1/cmr/m/n/12 Aplikacja tes-tu-j¡ca wyda-jno±¢ ap-likacji przykªad-owej posi-ada trzy
 []


Overfull \hbox (9.30379pt too wide) in paragraph at lines 924--925
\T1/cmr/m/n/12 al-i-zowane w celu ob-serwacji dzi-aªa-nia ap-likacji przy ró»nych poziomach
 []



[52]
<images/library-memory-low-graph.jpg, id=191, 963.6pt x 198.7425pt>
File: images/library-memory-low-graph.jpg Graphic file (type jpg)
<use images/library-memory-low-graph.jpg>
Package pdftex.def Info: images/library-memory-low-graph.jpg  used on input line 930.
(pdftex.def)             Requested size: 347.12354pt x 71.59273pt.

Overfull \hbox (8.44934pt too wide) in paragraph at lines 947--948
[]\T1/cmr/m/n/12 Liczba zdarze« GC (Garbage Col-lec-tion) jest sto-sunkowo niewielka. 
 []


Overfull \hbox (6.75371pt too wide) in paragraph at lines 948--949
[]\T1/cmr/m/n/12 Mechanizm od±mieca-nia uruchami-any jest spo-rady-cznie, co wynika
 []


Overfull \hbox (1.5696pt too wide) in paragraph at lines 955--956
[]\T1/cmr/m/n/12 Charakterystyczny jest ªagodny wzrost z reg-u-larnymi, niewielkimi
 []



[53 <./images/library-memory-low-graph.jpg>]
<images/library-memory-midle-graph.jpg, id=195, 963.6pt x 205.5178pt>
File: images/library-memory-midle-graph.jpg Graphic file (type jpg)
<use images/library-memory-midle-graph.jpg>
Package pdftex.def Info: images/library-memory-midle-graph.jpg  used on input line 961.
(pdftex.def)             Requested size: 347.12354pt x 74.03339pt.

Overfull \hbox (11.39426pt too wide) in paragraph at lines 992--993
[]\T1/cmr/m/n/12 Podsumowuj¡c, ap-likacja wykazuje sta-bilne i efek-ty-wne zarz¡dzanie
 []



[54 <./images/library-memory-midle-graph.jpg>]
<images/library-gatling-low-graph.jpg, id=199, 572.89032pt x 287.57437pt>
File: images/library-gatling-low-graph.jpg Graphic file (type jpg)
<use images/library-gatling-low-graph.jpg>
Package pdftex.def Info: images/library-gatling-low-graph.jpg  used on input line 1002.
(pdftex.def)             Requested size: 277.69987pt x 139.3988pt.

Overfull \hbox (14.65042pt too wide) in paragraph at lines 1010--1011
[]\T1/cmr/m/n/12 Czas reakcji 1200 ms i wi¦cej: Kilka »¡-da« ^^U spo-rady-czne opó¹nienia,
 []



[55 <./images/library-gatling-low-graph.jpg>]
<images/library-gatling-middle-graph.jpg, id=204, 573.64313pt x 287.57437pt>
File: images/library-gatling-middle-graph.jpg Graphic file (type jpg)
<use images/library-gatling-middle-graph.jpg>
Package pdftex.def Info: images/library-gatling-middle-graph.jpg  used on input line 1018.
(pdftex.def)             Requested size: 277.69987pt x 139.21451pt.

Overfull \hbox (3.85387pt too wide) in paragraph at lines 1024--1025
[]\T1/cmr/m/n/12 Czas reakcji poni»ej 800 ms: Okoªo 2700 »¡-da« ^^U wyra¹na poprawa
 []



[56 <./images/library-gatling-middle-graph.jpg>]
<images/library-gatling-high-graph.jpg, id=208, 574.39594pt x 287.57437pt>
File: images/library-gatling-high-graph.jpg Graphic file (type jpg)
<use images/library-gatling-high-graph.jpg>
Package pdftex.def Info: images/library-gatling-high-graph.jpg  used on input line 1034.
(pdftex.def)             Requested size: 277.69987pt x 139.03459pt.


[57 <./images/library-gatling-high-graph.jpg>]
Overfull \hbox (1.86264pt too wide) in paragraph at lines 1060--1061
[]\T1/cmr/m/n/12 Ocena wspóªdzie-le-nia kodu za po-moc¡ REST pod k¡tem skalowal-
 []


Overfull \hbox (13.72437pt too wide) in paragraph at lines 1068--1069
\T1/cmr/m/n/12 ane s¡ testy wyda-jno±-ciowe przy-go-towane za po-moc¡ narz¦dzia Gatling.
 []


Overfull \hbox (3.23438pt too wide) in paragraph at lines 1072--1073
[]\T1/cmr/m/n/12 Aplikacja tes-tu-j¡ca wyda-jno±¢ ap-likacji przykªad-owej posi-ada trzy
 []


Overfull \hbox (9.30379pt too wide) in paragraph at lines 1072--1073
\T1/cmr/m/n/12 al-i-zowane w celu ob-serwacji dzi-aªa-nia ap-likacji przy ró»nych poziomach
 []



[58]
<images/rest-memory-low-graph.jpg, id=215, 963.6pt x 204.765pt>
File: images/rest-memory-low-graph.jpg Graphic file (type jpg)
<use images/rest-memory-low-graph.jpg>
Package pdftex.def Info: images/rest-memory-low-graph.jpg  used on input line 1079.
(pdftex.def)             Requested size: 347.12354pt x 73.76219pt.

Overfull \hbox (15.56612pt too wide) in paragraph at lines 1089--1090
[]\T1/cmr/m/n/12 Dªu»sze okresy bezczyn-no±ci pomi¦dzy zdarzeni-ami alokacji sugeruj¡
 []


Overfull \hbox (3.96278pt too wide) in paragraph at lines 1095--1096
[]\T1/cmr/m/n/12 Mniej zdarze« GC, wys-t¦pu-j¡-cych spo-rady-cznie z powodu niskiego
 []


Overfull \hbox (17.47485pt too wide) in paragraph at lines 1096--1097
[]\T1/cmr/m/n/12 Cykl GC praw-dopodob-nie prewen-cyjny, utrzy-mu-j¡cy sta-biln¡ kondy-
 []



[59 <./images/rest-memory-low-graph.jpg>]
<images/rest-memory-middle-graph.jpg, id=219, 963.6pt x 204.01219pt>
File: images/rest-memory-middle-graph.jpg Graphic file (type jpg)
<use images/rest-memory-middle-graph.jpg>
Package pdftex.def Info: images/rest-memory-middle-graph.jpg  used on input line 1102.
(pdftex.def)             Requested size: 347.12354pt x 73.49101pt.

Overfull \hbox (4.7905pt too wide) in paragraph at lines 1115--1116
[]\T1/cmr/m/n/12 Brak na-jwy»szego poziomu alokacji 64 MiB sugeruje umi-arkowane,
 []


Overfull \hbox (24.07663pt too wide) in paragraph at lines 1119--1120
[]\T1/cmr/m/n/12 Powolny, sta-bilny wzrost pami¦ci sterty do okoªo 24 MiB, z niewielkimi
 []



[60 <./images/rest-memory-middle-graph.jpg>]
<images/rest-gatling-low-graph.jpg, id=223, 571.38469pt x 287.57437pt>
File: images/rest-gatling-low-graph.jpg Graphic file (type jpg)
<use images/rest-gatling-low-graph.jpg>
Package pdftex.def Info: images/rest-gatling-low-graph.jpg  used on input line 1144.
(pdftex.def)             Requested size: 347.12354pt x 174.70486pt.


[61 <./images/rest-gatling-low-graph.jpg>]
<images/rest-gatling-moddle-rest.jpg, id=229, 569.12625pt x 286.06876pt>
File: images/rest-gatling-moddle-rest.jpg Graphic file (type jpg)
<use images/rest-gatling-moddle-rest.jpg>
Package pdftex.def Info: images/rest-gatling-moddle-rest.jpg  used on input line 1161.
(pdftex.def)             Requested size: 347.12354pt x 174.48859pt.


[62 <./images/rest-gatling-moddle-rest.jpg>]
<images/rest-gatling-high-graph.jpg, id=233, 710.655pt x 360.59718pt>
File: images/rest-gatling-high-graph.jpg Graphic file (type jpg)
<use images/rest-gatling-high-graph.jpg>
Package pdftex.def Info: images/rest-gatling-high-graph.jpg  used on input line 1178.
(pdftex.def)             Requested size: 347.12354pt x 176.13843pt.

Overfull \hbox (10.3154pt too wide) in paragraph at lines 1192--1193
\T1/cmr/m/n/12 niskim ob-ci¡»e-niu, ale znacz¡co traci na efek-ty-wno±ci wraz ze wzrostem
 []



[63 <./images/rest-gatling-high-graph.jpg>]
Overfull \hbox (15.31206pt too wide) in paragraph at lines 1200--1201
[]\T1/cmr/m/n/12 Ocena wspóªdzie-le-nia kodu za po-moc¡ Server-les pod k¡tem skalowal-
 []


Overfull \hbox (13.72437pt too wide) in paragraph at lines 1208--1209
\T1/cmr/m/n/12 ane s¡ testy wyda-jno±-ciowe przy-go-towane za po-moc¡ narz¦dzia Gatling.
 []


Overfull \hbox (3.23438pt too wide) in paragraph at lines 1212--1213
[]\T1/cmr/m/n/12 Aplikacja tes-tu-j¡ca wyda-jno±¢ ap-likacji przykªad-owej posi-ada trzy
 []


Overfull \hbox (9.30379pt too wide) in paragraph at lines 1212--1213
\T1/cmr/m/n/12 al-i-zowane w celu ob-serwacji dzi-aªa-nia ap-likacji przy ró»nych poziomach
 []



[64]
<images/serverless-memory-low-graph.jpg, id=240, 963.6pt x 203.25937pt>
File: images/serverless-memory-low-graph.jpg Graphic file (type jpg)
<use images/serverless-memory-low-graph.jpg>
Package pdftex.def Info: images/serverless-memory-low-graph.jpg  used on input line 1218.
(pdftex.def)             Requested size: 347.12354pt x 73.21983pt.


[65 <./images/serverless-memory-low-graph.jpg>]
<images/serverless-memory-middle-graph.jpg, id=244, 963.6pt x 198.7425pt>
File: images/serverless-memory-middle-graph.jpg Graphic file (type jpg)
<use images/serverless-memory-middle-graph.jpg>
Package pdftex.def Info: images/serverless-memory-middle-graph.jpg  used on input line 1249.
(pdftex.def)             Requested size: 347.12354pt x 71.59273pt.

Overfull \hbox (0.55797pt too wide) in paragraph at lines 1262--1263
[]\T1/cmr/m/n/12 Zwi¦kszona cz¦s-totli-wo±¢ alokacji sugeruje wi¦k-sze ob-ci¡»e-nie sys-
 []


Overfull \hbox (3.12546pt too wide) in paragraph at lines 1275--1276
[]\T1/cmr/m/n/12 Wykorzystanie pami¦ci jest wy»sze, os-i¡-ga-j¡c warto±ci do 128 MB,
 []


Overfull \hbox (8.52003pt too wide) in paragraph at lines 1277--1278
[]\T1/cmr/m/n/12 System radzi so-bie z ob-ci¡»e-niem, ale wymaga cz¦st-szego od±mieca-
 []



[66 <./images/serverless-memory-middle-graph.jpg>]
<images/serverless-gatling-low-graph.jpg, id=248, 569.87906pt x 285.31593pt>
File: images/serverless-gatling-low-graph.jpg Graphic file (type jpg)
<use images/serverless-gatling-low-graph.jpg>
Package pdftex.def Info: images/serverless-gatling-low-graph.jpg  used on input line 1294.
(pdftex.def)             Requested size: 347.12354pt x 173.78995pt.


[67 <./images/serverless-gatling-low-graph.jpg>]
<images/serverless-gatling-middle-graph.jpg, id=253, 569.12625pt x 285.31593pt>
File: images/serverless-gatling-middle-graph.jpg Graphic file (type jpg)
<use images/serverless-gatling-middle-graph.jpg>
Package pdftex.def Info: images/serverless-gatling-middle-graph.jpg  used on input line 1311.
(pdftex.def)             Requested size: 347.12354pt x 174.0294pt.

Overfull \hbox (4.79955pt too wide) in paragraph at lines 1318--1319
[]\T1/cmr/m/n/12 Okoªo 1000 »¡-da« poni»ej 800 ms - poprawa wzgl¦-dem poprzed-
 []



[68 <./images/serverless-gatling-middle-graph.jpg>]
<images/serverless-gatling-high-graph.jpg, id=257, 568.37344pt x 284.56313pt>
File: images/serverless-gatling-high-graph.jpg Graphic file (type jpg)
<use images/serverless-gatling-high-graph.jpg>
Package pdftex.def Info: images/serverless-gatling-high-graph.jpg  used on input line 1328.
(pdftex.def)             Requested size: 347.12354pt x 173.796pt.

Overfull \hbox (9.66136pt too wide) in paragraph at lines 1346--1347
[]\T1/cmr/m/n/12 rednie ob-ci¡»e-nie: Sta-bilna wyda-jno±¢ z niewielkimi opó¹nieni-
 []


Overfull \hbox (1.31335pt too wide) in paragraph at lines 1351--1352
[]\T1/cmr/m/n/12 Obserwowane pogorsze-nie wyda-jno±ci, szczegól-nie przy wi¦k-szych
 []


Overfull \hbox (18.6689pt too wide) in paragraph at lines 1351--1352
\T1/cmr/m/n/12 ob-ci¡»e-ni-ach, praw-dopodob-nie wynika z opó¹nienia sieciowego wprowad-
 []



[69 <./images/serverless-gatling-high-graph.jpg>]
Overfull \hbox (6.95638pt too wide) in paragraph at lines 1359--1360
[]\T1/cmr/m/n/12 Ranking rozwi¡za« pod wzgl¦-dem wyda-jno±ci i skalowal-no±ci który
 []



[70]
Overfull \hbox (6.00812pt too wide) in paragraph at lines 1441--1442
[]\T1/cmr/m/n/12 Na pod-stawie przeprowad-zonej anal-izy mo»na stwierdzi¢, »e wybór
 []


Overfull \hbox (2.09239pt too wide) in paragraph at lines 1441--1442
\T1/cmr/m/n/12 op-ty-mal-nego rozwi¡za-nia za-le»y od specy-ficznych wyma-ga« pro-jektu,
 []



[71]
Overfull \hbox (2.87971pt too wide) in paragraph at lines 1481--1482
[]\T1/cmr/m/n/12 Serverless to nowoczesny model wykony-wa-nia oblicze« w chmurze,
 []


Overfull \hbox (21.41pt too wide) in paragraph at lines 1481--1482
\T1/cmr/m/n/12 ^^Rserver-less^^Q nie oz-nacza, »e nie ma fizy-cznych ser-w-erów, ale »e zarz¡dzanie
 []


Overfull \hbox (3.56078pt too wide) in paragraph at lines 1481--1482
\T1/cmr/m/n/12 less wdra»amy do chmury funkcje za-mi-ast caªych ap-likacji, a dostawca
 []


Overfull \hbox (20.03937pt too wide) in paragraph at lines 1481--1482
\T1/cmr/m/n/12 chmury jest odpowiedzialny za zarz¡dzanie ko-dem, skalowanie i utrzymy-
 []


Overfull \hbox (12.0012pt too wide) in paragraph at lines 1498--1499
[]\T1/cmr/m/n/12 Automatycznie przy-go-towuj¦ kod do wrzuce-nia na Ama-zon Lambda
 []



[72]
Overfull \hbox (2.00471pt too wide) in paragraph at lines 1500--1501
[]\T1/cmr/m/n/12 Zapisuj¦ kod w bazie danych, »e-by± mógª go u»y¢ pó¹niej; b¦dziesz
 []


Overfull \hbox (16.6661pt too wide) in paragraph at lines 1505--1506
[]\T1/cmr/m/n/12 Przechowuj¦ te pliki IDL i mo»esz je udost¦p-ni¢, »eby inni czªonkowie
 []


Overfull \hbox (6.19289pt too wide) in paragraph at lines 1527--1528
[]\T1/cmr/m/n/12 Automatycznie wdra»a kod jako funkcj¦ Lambda - Wdra»a sprawd-
 []



[73]
Overfull \hbox (14.41187pt too wide) in paragraph at lines 1534--1537
\T1/cmr/m/n/12 u»y-wana do tworzenia ap-likacji fron-tendowych. Npm sªu»y do zarz¡dza-
 []


Overfull \hbox (4.86322pt too wide) in paragraph at lines 1542--1543
[]\T1/cmr/m/n/12 Przyjmowanie kodu, który u»ytkownik chce wspóªdzieli¢, a nast¦p-
 []


Overfull \hbox (2.8054pt too wide) in paragraph at lines 1545--1546
[]\T1/cmr/m/n/12 Mo»liwo±¢ przegl¡-da-nia, edy-towa-nia i usuwa-nia kodu, który zostaª
 []


Overfull \hbox (27.63757pt too wide) in paragraph at lines 1548--1549
[]\T1/cmr/m/n/12 Udost¦pnianie plików .proto: ap-likacja front-end udost¦p-nia u»ytkown-
 []


Overfull \hbox (6.13466pt too wide) in paragraph at lines 1548--1549
\T1/cmr/m/n/12 do gen-erowa-nia obiek-tów DTO dla ko-mu-nikacji z wdro»on¡ funkcj¡
 []

(./thesismanuscript.lot)
\tf@lot=\write5
\openout5 = `thesismanuscript.lot'.



[74] (./thesismanuscript.lof

[75]
Underfull \vbox (badness 1127) has occurred while \output is active []



[76])
\tf@lof=\write6
\openout6 = `thesismanuscript.lof'.

 (./thesismanuscript.bbl)

[77]

[78] (./thesismanuscript.aux)
 ***********
LaTeX2e <2024-11-01> patch level 2
L3 programming layer <2025-01-18>
 ***********


LaTeX Warning: There were multiply-defined labels.

 ) 
Here is how much of TeX's memory you used:
 16161 strings out of 475128
 329519 string characters out of 5765300
 820645 words of memory out of 5000000
 38850 multiletter control sequences out of 15000+600000
 570498 words of font info for 59 fonts, out of 8000000 for 9000
 36 hyphenation exceptions out of 8191
 99i,11n,101p,1879b,454s stack positions out of 10000i,1000n,20000p,200000b,200000s
 <c:/tools/TinyTeX/texmf-var/fonts/pk/ljfour/jknappen/ec/ecti0900.600pk> <c:/tools/TinyTeX/texmf-var/fonts/pk/ljfour/jknappen/ec/ecbx0900.600pk> <c:/tools/TinyTeX/texmf-var/fonts/pk/ljfour/jknappen/ec/ecbx1440.600pk> <c:/tools/TinyTeX/texmf-var/fonts/pk/ljfour/jknappen/ec/tcrm1200.600pk> <c:/tools/TinyTeX/texmf-var/fonts/pk/ljfour/jknappen/ec/ecrm0900.600pk> <c:/tools/TinyTeX/texmf-var/fonts/pk/ljfour/jknappen/ec/ecbx1200.600pk> <c:/tools/TinyTeX/texmf-var/fonts/pk/ljfour/jknappen/ec/ecrm1200.600pk> <c:/tools/TinyTeX/texmf-var/fonts/pk/ljfour/jknappen/ec/ecbx1728.600pk><c:/tools/TinyTeX/texmf-dist/fonts/type1/public/amsfonts/cm/cmsy10.pfb>
Output written on thesismanuscript.pdf (78 pages, 1412566 bytes).
PDF statistics:
 724 PDF objects out of 1000 (max. 8388607)
 213 compressed objects within 3 object streams
 0 named destinations out of 1000 (max. 500000)
 138 words of extra memory for PDF output out of 10000 (max. 10000000)

